<?xml version="1.0" encoding="UTF-8"?>
<!-- Generated by org.testng.reporters.JUnitReportReporter -->
<testsuite hostname="MAVBCP2860" failures="0" tests="6" name="com.java.myntra.MoveToBag" time="29.650" errors="0" timestamp="2021-08-02T16:12:51 IST" skipped="2">
  <testcase classname="com.java.myntra.MoveToBag" name="AddingBag" time="9.908"/>
  <system-out/>
  <testcase classname="com.java.myntra.MoveToBag" name="OpeningWishlist" time="4.809"/>
  <system-out/>
  <testcase classname="com.java.myntra.MoveToBag" name="AddingBag" time="6.792"/>
  <system-out/>
  <testcase classname="com.java.myntra.MoveToBag" name="AddingBag" time="0.000">
    <skipped/>
  </testcase> <!-- AddingBag -->
  <system-out/>
  <testcase classname="com.java.myntra.MoveToBag" name="OpeningWishlist" time="0.000">
    <skipped/>
  </testcase> <!-- OpeningWishlist -->
  <system-out/>
  <testcase classname="com.java.myntra.MoveToBag" name="OpeningWishlist" time="8.141"/>
  <system-out/>
</testsuite> <!-- com.java.myntra.MoveToBag -->
